  OOP.cpp
C:\Classes\C++\Cplusplus\OOP\Human.h(21,20): error C2556: 'unsigned short Human::GetName(void)': overloaded function differs only by return type from 'std::string Human::GetName(void)'
  (compiling source file 'OOP.cpp')
      C:\Classes\C++\Cplusplus\OOP\Human.h(20,17):
      see declaration of 'Human::GetName'
  
C:\Classes\C++\Cplusplus\OOP\Human.h(21,20): error C2371: 'Human::GetName': redefinition; different basic types
  (compiling source file 'OOP.cpp')
      C:\Classes\C++\Cplusplus\OOP\Human.h(20,17):
      see declaration of 'Human::GetName'
  
C:\Classes\C++\Cplusplus\OOP\Human.h(21,30): error C2059: syntax error: 'return'
  (compiling source file 'OOP.cpp')
  
C:\Classes\C++\Cplusplus\OOP\Human.h(21,42): error C2238: unexpected token(s) preceding ';'
  (compiling source file 'OOP.cpp')
  
C:\Classes\C++\Cplusplus\OOP\Human.h(22,1): error C2059: syntax error: 'private'
  (compiling source file 'OOP.cpp')
  
C:\Classes\C++\Cplusplus\OOP\Human.h(22,8): error C2059: syntax error: ':'
  (compiling source file 'OOP.cpp')
  
C:\Classes\C++\Cplusplus\OOP\Human.h(10,9): error C2065: 'm_count': undeclared identifier
  (compiling source file 'OOP.cpp')
  
C:\Classes\C++\Cplusplus\OOP\Human.h(11,9): error C2065: 'm_name': undeclared identifier
  (compiling source file 'OOP.cpp')
  
C:\Classes\C++\Cplusplus\OOP\Human.h(12,9): error C2065: 'm_age': undeclared identifier
  (compiling source file 'OOP.cpp')
  
C:\Classes\C++\Cplusplus\OOP\Human.h(17,9): error C2065: 'm_count': undeclared identifier
  (compiling source file 'OOP.cpp')
  
C:\Classes\C++\Cplusplus\OOP\Human.h(19,35): error C2065: 'm_count': undeclared identifier
  (compiling source file 'OOP.cpp')
  
C:\Classes\C++\Cplusplus\OOP\Human.h(28,1): error C2059: syntax error: '}'
  (compiling source file 'OOP.cpp')
  
C:\Classes\C++\Cplusplus\OOP\Human.h(28,1): error C2143: syntax error: missing ';' before '}'
  (compiling source file 'OOP.cpp')
  
